This file contains any messages produced by compilers while
running configure, to aid debugging if configure makes a mistake.

It was created by QjackCtl configure 0.9.0, which was
generated by GNU Autoconf 2.69.  Invocation command line was

  $ ./configure 

## --------- ##
## Platform. ##
## --------- ##

hostname = DESKTOP-Q6E9V53
uname -m = x86_64
uname -r = 3.1.6(0.340/5/3)
uname -s = CYGWIN_NT-10.0
uname -v = 2020-07-09 08:20

/usr/bin/uname -p = unknown
/bin/uname -X     = unknown

/bin/arch              = x86_64
/usr/bin/arch -k       = unknown
/usr/convex/getsysinfo = unknown
/usr/bin/hostinfo      = unknown
/bin/machine           = unknown
/usr/bin/oslevel       = unknown
/bin/universe          = unknown

PATH: /usr/local/bin
PATH: /usr/bin
PATH: /cygdrive/c/Windows/system32
PATH: /cygdrive/c/Windows
PATH: /cygdrive/c/Windows/System32/Wbem
PATH: /cygdrive/c/Windows/System32/WindowsPowerShell/v1.0
PATH: /cygdrive/c/Windows/System32/OpenSSH
PATH: /cygdrive/c/Program Files/PuTTY
PATH: /cygdrive/c/Users/alexc/AppData/Local/Programs/Python/Python38/Scripts
PATH: /cygdrive/c/Users/alexc/AppData/Local/Programs/Python/Python38
PATH: /cygdrive/c/Users/alexc/AppData/Local/Microsoft/WindowsApps
PATH: /cygdrive/c/Program Files (x86)/Microsoft Visual Studio/2019/Community/VC/Tools/MSVC/14.26.28801/bin/Hostx64/x64


## ----------- ##
## Core tests. ##
## ----------- ##

configure:2590: checking for gcc
configure:2620: result: no
configure:2683: checking for cc
configure:2730: result: no
configure:2786: checking for cl.exe
configure:2802: found /cygdrive/c/Program Files (x86)/Microsoft Visual Studio/2019/Community/VC/Tools/MSVC/14.26.28801/bin/Hostx64/x64/cl.exe
configure:2813: result: cl.exe
configure:2846: checking for C compiler version
configure:2855: cl.exe --version >&5
Microsoft (R) C/C++ Optimizing Compiler Version 19.26.28806 for x64
Copyright (C) Microsoft Corporation.  All rights reserved.

cl : Command line warning D9002 : ignoring unknown option '--version'
cl : Command line error D8003 : missing source filename
configure:2866: $? = 2
configure:2855: cl.exe -v >&5
Microsoft (R) C/C++ Optimizing Compiler Version 19.26.28806 for x64
Copyright (C) Microsoft Corporation.  All rights reserved.

cl : Command line warning D9002 : ignoring unknown option '-v'
cl : Command line error D8003 : missing source filename
configure:2866: $? = 2
configure:2855: cl.exe -V >&5
Microsoft (R) C/C++ Optimizing Compiler Version 19.26.28806 for x64
Copyright (C) Microsoft Corporation.  All rights reserved.

cl : Command line error D8004 : '/V' requires an argument
configure:2866: $? = 2
configure:2855: cl.exe -qversion >&5
Microsoft (R) C/C++ Optimizing Compiler Version 19.26.28806 for x64
Copyright (C) Microsoft Corporation.  All rights reserved.

cl : Command line warning D9002 : ignoring unknown option '-qversion'
cl : Command line error D8003 : missing source filename
configure:2866: $? = 2
configure:2886: checking whether the C compiler works
configure:2908: cl.exe    conftest.c  >&5
Microsoft (R) C/C++ Optimizing Compiler Version 19.26.28806 for x64
Copyright (C) Microsoft Corporation.  All rights reserved.

conftest.c
Microsoft (R) Incremental Linker Version 14.26.28806.0
Copyright (C) Microsoft Corporation.  All rights reserved.

/out:conftest.exe 
conftest.obj 
LINK : fatal error LNK1104: cannot open file 'LIBCMT.lib'
configure:2912: $? = 2
configure:2950: result: no
configure: failed program was:
| /* confdefs.h */
| #define PACKAGE_NAME "QjackCtl"
| #define PACKAGE_TARNAME "qjackctl"
| #define PACKAGE_VERSION "0.9.0"
| #define PACKAGE_STRING "QjackCtl 0.9.0"
| #define PACKAGE_BUGREPORT "rncbc@rncbc.org"
| #define PACKAGE_URL ""
| #define CONFIG_BUILD_VERSION "0.9.0"
| #define CONFIG_VERSION "0.9.0"
| #define CONFIG_PREFIX "/usr/local"
| #define CONFIG_BINDIR "/usr/local/bin"
| #define CONFIG_LIBDIR "/usr/local/lib"
| #define CONFIG_DATADIR "/usr/local/share"
| #define CONFIG_MANDIR "/usr/local/share/man"
| /* end confdefs.h.  */
| 
| int
| main ()
| {
| 
|   ;
|   return 0;
| }
configure:2955: error: in `/cygdrive/c/Users/alexc/Documents/cuws-gui':
configure:2957: error: C compiler cannot create executables
See `config.log' for more details

## ---------------- ##
## Cache variables. ##
## ---------------- ##

ac_cv_build_version=0.9.0
ac_cv_env_CCC_set=
ac_cv_env_CCC_value=
ac_cv_env_CC_set=
ac_cv_env_CC_value=
ac_cv_env_CFLAGS_set=
ac_cv_env_CFLAGS_value=
ac_cv_env_CPPFLAGS_set=
ac_cv_env_CPPFLAGS_value=
ac_cv_env_CPP_set=
ac_cv_env_CPP_value=
ac_cv_env_CXXCPP_set=
ac_cv_env_CXXCPP_value=
ac_cv_env_CXXFLAGS_set=
ac_cv_env_CXXFLAGS_value=
ac_cv_env_CXX_set=
ac_cv_env_CXX_value=
ac_cv_env_LDFLAGS_set=
ac_cv_env_LDFLAGS_value=
ac_cv_env_LIBS_set=
ac_cv_env_LIBS_value=
ac_cv_env_build_alias_set=
ac_cv_env_build_alias_value=
ac_cv_env_host_alias_set=
ac_cv_env_host_alias_value=
ac_cv_env_target_alias_set=
ac_cv_env_target_alias_value=
ac_cv_prog_ac_ct_CC=cl.exe
ac_cv_version=0.9.0

## ----------------- ##
## Output variables. ##
## ----------------- ##

CC='cl.exe'
CFLAGS=''
CPP=''
CPPFLAGS=''
CXX=''
CXXCPP=''
CXXFLAGS=''
DEFS=''
ECHO_C=''
ECHO_N='-n'
ECHO_T=''
EGREP=''
EXEEXT=''
GREP=''
LDFLAGS=''
LIBOBJS=''
LIBS=''
LTLIBOBJS=''
OBJEXT=''
PACKAGE_BUGREPORT='rncbc@rncbc.org'
PACKAGE_NAME='QjackCtl'
PACKAGE_STRING='QjackCtl 0.9.0'
PACKAGE_TARNAME='qjackctl'
PACKAGE_URL=''
PACKAGE_VERSION='0.9.0'
PATH_SEPARATOR=':'
SHELL='/bin/sh'
ac_bindir='/usr/local/bin'
ac_cflags=''
ac_ct_CC='cl.exe'
ac_ct_CXX=''
ac_cv_lrelease=''
ac_cv_lupdate=''
ac_cv_qmake=''
ac_datadir='/usr/local/share'
ac_debug='release'
ac_incpath=''
ac_ldflags=''
ac_libdir='/usr/local/lib'
ac_libs=''
ac_lrelease=''
ac_lupdate=''
ac_mandir='/usr/local/share/man'
ac_moc=''
ac_prefix='/usr/local'
ac_qdbus=''
ac_qmake=''
ac_qnetwork=''
ac_qtchooser=''
ac_uic=''
ac_version='0.9.0'
bindir='${exec_prefix}/bin'
build_alias=''
datadir='${datarootdir}'
datarootdir='/usr/local/share'
docdir='${datarootdir}/doc/${PACKAGE_TARNAME}'
dvidir='${docdir}'
exec_prefix='/usr/local'
host_alias=''
htmldir='${docdir}'
includedir='${prefix}/include'
infodir='${datarootdir}/info'
libdir='${exec_prefix}/lib'
libexecdir='${exec_prefix}/libexec'
localedir='${datarootdir}/locale'
localstatedir='${prefix}/var'
mandir='${datarootdir}/man'
oldincludedir='/usr/include'
pdfdir='${docdir}'
prefix='/usr/local'
program_transform_name='s,x,x,'
psdir='${docdir}'
runstatedir='${localstatedir}/run'
sbindir='${exec_prefix}/sbin'
sharedstatedir='${prefix}/com'
sysconfdir='${prefix}/etc'
target_alias=''

## ----------- ##
## confdefs.h. ##
## ----------- ##

/* confdefs.h */
#define PACKAGE_NAME "QjackCtl"
#define PACKAGE_TARNAME "qjackctl"
#define PACKAGE_VERSION "0.9.0"
#define PACKAGE_STRING "QjackCtl 0.9.0"
#define PACKAGE_BUGREPORT "rncbc@rncbc.org"
#define PACKAGE_URL ""
#define CONFIG_BUILD_VERSION "0.9.0"
#define CONFIG_VERSION "0.9.0"
#define CONFIG_PREFIX "/usr/local"
#define CONFIG_BINDIR "/usr/local/bin"
#define CONFIG_LIBDIR "/usr/local/lib"
#define CONFIG_DATADIR "/usr/local/share"
#define CONFIG_MANDIR "/usr/local/share/man"

configure: exit 77
